<?xml version="1.0" encoding="UTF-8"?>
<testng-results ignored="0" total="4" passed="4" failed="0" skipped="0">
  <reporter-output>
  </reporter-output>
  <suite started-at="2024-08-07T16:02:05 IST" name="Suite" finished-at="2024-08-07T16:05:28 IST" duration-ms="203514">
    <groups>
    </groups>
    <test started-at="2024-08-07T16:02:05 IST" name="Test" finished-at="2024-08-07T16:05:28 IST" duration-ms="203514">
      <class name="testcases.TC001AccountRegistrationTest">
        <test-method is-config="true" signature="setup(java.lang.String)[pri:0, instance:testcases.TC001AccountRegistrationTest@736d6a5c]" started-at="2024-08-07T16:02:06 IST" name="setup" finished-at="2024-08-07T16:02:23 IST" duration-ms="16718" status="PASS">
          <params>
            <param index="0">
              <value>
                <![CDATA[chrome]]>
              </value>
            </param>
          </params>
          <reporter-output>
          </reporter-output>
        </test-method> <!-- setup -->
        <test-method signature="verifyAccountRegistration()[pri:0, instance:testcases.TC001AccountRegistrationTest@736d6a5c]" started-at="2024-08-07T16:02:23 IST" name="verifyAccountRegistration" finished-at="2024-08-07T16:02:48 IST" duration-ms="25154" status="PASS">
          <reporter-output>
          </reporter-output>
        </test-method> <!-- verifyAccountRegistration -->
        <test-method is-config="true" signature="tearDown()[pri:0, instance:testcases.TC001AccountRegistrationTest@736d6a5c]" started-at="2024-08-07T16:02:48 IST" name="tearDown" finished-at="2024-08-07T16:02:50 IST" duration-ms="1681" status="PASS">
          <reporter-output>
          </reporter-output>
        </test-method> <!-- tearDown -->
      </class> <!-- testcases.TC001AccountRegistrationTest -->
      <class name="testcases.TC002LoginTest">
        <test-method is-config="true" signature="setup(java.lang.String)[pri:0, instance:testcases.TC002LoginTest@1af687fe]" started-at="2024-08-07T16:02:50 IST" name="setup" finished-at="2024-08-07T16:02:58 IST" duration-ms="8502" status="PASS">
          <params>
            <param index="0">
              <value>
                <![CDATA[chrome]]>
              </value>
            </param>
          </params>
          <reporter-output>
          </reporter-output>
        </test-method> <!-- setup -->
        <test-method signature="verifyLogin()[pri:0, instance:testcases.TC002LoginTest@1af687fe]" started-at="2024-08-07T16:02:58 IST" name="verifyLogin" finished-at="2024-08-07T16:03:47 IST" duration-ms="48791" status="PASS">
          <reporter-output>
          </reporter-output>
        </test-method> <!-- verifyLogin -->
        <test-method is-config="true" signature="tearDown()[pri:0, instance:testcases.TC002LoginTest@1af687fe]" started-at="2024-08-07T16:03:47 IST" name="tearDown" finished-at="2024-08-07T16:03:50 IST" duration-ms="2889" status="PASS">
          <reporter-output>
          </reporter-output>
        </test-method> <!-- tearDown -->
      </class> <!-- testcases.TC002LoginTest -->
      <class name="testcases.TC004CreateAndDeleteFileTest">
        <test-method is-config="true" signature="setup(java.lang.String)[pri:0, instance:testcases.TC004CreateAndDeleteFileTest@14dda234]" started-at="2024-08-07T16:03:50 IST" name="setup" finished-at="2024-08-07T16:04:00 IST" duration-ms="10522" status="PASS">
          <params>
            <param index="0">
              <value>
                <![CDATA[chrome]]>
              </value>
            </param>
          </params>
          <reporter-output>
          </reporter-output>
        </test-method> <!-- setup -->
        <test-method signature="verifyCreateFile()[pri:0, instance:testcases.TC004CreateAndDeleteFileTest@14dda234]" started-at="2024-08-07T16:04:00 IST" name="verifyCreateFile" finished-at="2024-08-07T16:05:15 IST" duration-ms="74455" status="PASS">
          <reporter-output>
          </reporter-output>
        </test-method> <!-- verifyCreateFile -->
        <test-method signature="verifyDeleteFile()[pri:0, instance:testcases.TC004CreateAndDeleteFileTest@14dda234]" started-at="2024-08-07T16:05:15 IST" name="verifyDeleteFile" finished-at="2024-08-07T16:05:26 IST" duration-ms="11231" status="PASS">
          <reporter-output>
          </reporter-output>
        </test-method> <!-- verifyDeleteFile -->
        <test-method is-config="true" signature="tearDown()[pri:0, instance:testcases.TC004CreateAndDeleteFileTest@14dda234]" started-at="2024-08-07T16:05:26 IST" name="tearDown" finished-at="2024-08-07T16:05:28 IST" duration-ms="2101" status="PASS">
          <reporter-output>
          </reporter-output>
        </test-method> <!-- tearDown -->
      </class> <!-- testcases.TC004CreateAndDeleteFileTest -->
    </test> <!-- Test -->
  </suite> <!-- Suite -->
</testng-results>
