<?xml version="1.0" encoding="UTF-8"?>
<!-- Generated by org.testng.reporters.JUnitXMLReporter -->
<testsuite ignored="0" hostname="BWC-64" failures="1" tests="5" name="Test" time="123.31" errors="0" timestamp="2024-07-12T14:47:53 IST">
  <testcase classname="testcases.TC001AccountRegistrationTest" name="verifyAccountRegistration" time="14.673"/>
  <testcase classname="testcases.TC002LoginTest" name="verifyLogin" time="31.514"/>
  <testcase classname="testcases.TC003LoginDDT" name="verifyLoginDDT" time="0.0">
    <failure type="org.testng.TestNGException" message="
Data Provider public java.lang.Object[][] utilities.DataProviders.getData() returned a null value">
      <![CDATA[org.testng.TestNGException: 
Data Provider public java.lang.Object[][] utilities.DataProviders.getData() returned a null value
at java.base/java.util.ArrayList.forEach(ArrayList.java:1597)
... Removed 24 stack frames]]>
    </failure>
  </testcase> <!-- verifyLoginDDT -->
  <testcase classname="testcases.TC004CreateAndDeleteFileTest" name="verifyCreateFile" time="33.179"/>
  <testcase classname="testcases.TC004CreateAndDeleteFileTest" name="verifyDeleteFile" time="10.345"/>
</testsuite> <!-- Test -->
